<?xml version="1.0" encoding="UTF-8"?>
<!-- Generated by org.testng.reporters.JUnitXMLReporter -->
<testsuite hostname="DESKTOP-AVN7JFN" ignored="0" name="Login" tests="1" failures="1" timestamp="22 Mar 2020 18:13:23 GMT" time="0.082" errors="0">
  <testcase name="validateTitles" time="0.026" classname="com.mycompany.app.testng.TestCase2NG">
    <failure type="java.lang.AssertionError" message="The following asserts failed:
	Title not matched expected [Gmail.com] but found [Yahoo.com],
	Textbox not present expected [false] but found [true],
	Test Case Failed.">
      <![CDATA[java.lang.AssertionError: The following asserts failed:
Title not matched expected [Gmail.com] but found [Yahoo.com],
Textbox not present expected [false] but found [true],
Test Case Failed.
at com.mycompany.app.testng.TestCase2NG.validateTitles(TestCase2NG.java:41)
... Removed 26 stack frames]]>
    </failure>
  </testcase> <!-- validateTitles -->
</testsuite> <!-- Login -->
