<?xml version="1.0" encoding="UTF-8"?>
<!-- Generated by org.testng.reporters.JUnitXMLReporter -->
<testsuite hostname="DESKTOP-AVN7JFN" ignored="0" name="Validating Title Test" tests="4" failures="1" timestamp="22 Mar 2020 18:13:23 GMT" time="0.022" errors="0">
  <testcase name="doUserReg" time="0.003" classname="com.mycompany.app.testng.TestCase3TestNG">
    <failure type="java.lang.AssertionError" message="User not registered successfully">
      <![CDATA[java.lang.AssertionError: User not registered successfully
at com.mycompany.app.testng.TestCase3TestNG.doUserReg(TestCase3TestNG.java:11)
... Removed 26 stack frames]]>
    </failure>
  </testcase> <!-- doUserReg -->
  <testcase name="doLogin" time="0.002" classname="com.mycompany.app.testng.TestCase3TestNG"/>
  <testcase name="thirdTest" time="0.002" classname="com.mycompany.app.testng.TestCase3TestNG"/>
  <testcase name="forthTest" time="0.003" classname="com.mycompany.app.testng.TestCase3TestNG"/>
</testsuite> <!-- Validating Title Test -->
