<?xml version="1.0" encoding="UTF-8"?>
<!-- Generated by org.testng.reporters.JUnitXMLReporter -->
<testsuite hostname="DESKTOP-AVN7JFN" ignored="0" name="Test" tests="2" failures="1" timestamp="22 Mar 2020 22:46:13 GMT" time="26.227" errors="0">
  <testcase name="dateTimePicker" time="0.342" classname="com.mycompany.app.PickerCalender">
    <failure type="java.lang.IllegalStateException" message="The driver executable does not exist: C:\SeleniumMaster\my-appsrc\main\java\chromedriver.exe">
      <![CDATA[java.lang.IllegalStateException: The driver executable does not exist: C:\SeleniumMaster\my-appsrc\main\java\chromedriver.exe
at com.google.common.base.Preconditions.checkState(Preconditions.java:585)
at org.openqa.selenium.remote.service.DriverService.checkExecutable(DriverService.java:146)
at org.openqa.selenium.remote.service.DriverService.findExecutable(DriverService.java:141)
at org.openqa.selenium.chrome.ChromeDriverService.access$000(ChromeDriverService.java:35)
at org.openqa.selenium.chrome.ChromeDriverService$Builder.findDefaultExecutable(ChromeDriverService.java:159)
at org.openqa.selenium.remote.service.DriverService$Builder.build(DriverService.java:355)
at org.openqa.selenium.chrome.ChromeDriverService.createDefaultService(ChromeDriverService.java:94)
at org.openqa.selenium.chrome.ChromeDriver.<init>(ChromeDriver.java:123)
at com.mycompany.app.PickerCalender.dateTimePicker(PickerCalender.java:22)
... Removed 26 stack frames]]>
    </failure>
  </testcase> <!-- dateTimePicker -->
  <testcase name="testDAtePicker" time="25.88" classname="com.mycompany.app.PickerCalender"/>
</testsuite> <!-- Test -->
