<?xml version="1.0" encoding="UTF-8"?>
<!-- Generated by org.testng.reporters.JUnitXMLReporter -->
<testsuite hostname="DESKTOP-AVN7JFN" ignored="3" name="Checkin" tests="2" failures="0" timestamp="15 Mar 2020 22:25:30 GMT" time="0.091" errors="0">
  <testcase name="test1" time="0.025" classname="com.mycompany.app.TestNGBasic"/>
  <testcase name="test2" time="0.002" classname="com.mycompany.app.TestNGBasic2"/>
  <testcase name="test2" time="0.0" classname="com.mycompany.app.TestNGBasic">
    <ignored/>
  </testcase> <!-- test2 -->
  <testcase name="test1" time="0.0" classname="com.mycompany.app.TestNGBasic2">
    <ignored/>
  </testcase> <!-- test1 -->
  <testcase name="test3" time="0.0" classname="com.mycompany.app.TestNGBasic2">
    <ignored/>
  </testcase> <!-- test3 -->
</testsuite> <!-- Checkin -->
