<?xml version="1.0" encoding="UTF-8"?>
<!-- Generated by org.testng.reporters.JUnitXMLReporter -->
<testsuite hostname="DESKTOP-AVN7JFN" ignored="0" name="Regression Suite - Part 2" tests="2" failures="0" timestamp="22 Mar 2020 20:37:16 GMT" time="0.078" errors="0">
  <testcase name="UserRegistration" time="0.008" classname="regressionSuiteTestNG.TestNGPractise"/>
  <testcase name="LoginDetails" time="0.012" classname="regressionSuiteTestNG.TestNGPractise"/>
</testsuite> <!-- Regression Suite - Part 2 -->
