<?xml version="1.0" encoding="UTF-8"?>
<!-- Generated by org.testng.reporters.JUnitXMLReporter -->
<testsuite hostname="DESKTOP-AVN7JFN" ignored="0" name="Test" tests="3" failures="0" timestamp="09 Apr 2020 22:27:20 GMT" time="6.205" errors="0">
  <testcase name="Login" time="2.14" classname="packFramework.TestCases"/>
  <testcase name="SearchUser" time="3.307" classname="packFramework.TestCases"/>
  <testcase name="Logout" time="0.723" classname="packFramework.TestCases"/>
</testsuite> <!-- Test -->
