<?xml version="1.0" encoding="UTF-8"?>
<!-- Generated by org.testng.reporters.JUnitXMLReporter -->
<testsuite hostname="DESKTOP-AVN7JFN" ignored="0" name="savings" tests="1" failures="1" timestamp="16 Mar 2020 01:30:55 GMT" time="0.193" errors="0">
  <testcase name="testGmailLogin" time="0.079" classname="com.mycompany.app.Iframe">
    <failure type="java.lang.NullPointerException">
      <![CDATA[java.lang.NullPointerException
at com.mycompany.app.Iframe.testGmailLogin(Iframe.java:83)
... Removed 26 stack frames]]>
    </failure>
  </testcase> <!-- testGmailLogin -->
</testsuite> <!-- savings -->
